Arguments: 
  E:\前端学习软件\nodejs\node.exe C:\Users\Amy\AppData\Roaming\npm\node_modules\yarn\bin\yarn.js add antd babel-plugin-import

PATH: 
  D:\Andriod\adt-bundle-windows-x86_64-20140702\sdk\tools;D:\Andriod\adt-bundle-windows-x86_64-20140702\sdk\platform-tools;D:\Andriod\adt-bundle-windows-x86_64-20140702\sdk\build-tools;D:\Apache Software Foundation\apache-tomcat-9.0.1-windows-x64\apache-tomcat-9.0.1\bin;E:\前端学习软件\nodejs\;C:\WINDOWS\system32;C:\WINDOWS;C:\WINDOWS\System32\Wbem;C:\WINDOWS\System32\WindowsPowerShell\v1.0\;D:\mongodb\bin\;C:\Ruby24-x64\bin;.;D:\Java\jdk1.8.0_73\bin;D:\Microsoft VS Code\bin;C:\Users\Amy\AppData\Roaming\npm;C:\Users\Amy\AppData\Local\Microsoft\WindowsApps;C:\Users\Amy\AppData\Local\Yarn\bin;E:\前端学习软件\Git\bin;

Yarn version: 
  1.3.2

Node version: 
  8.8.1

Platform: 
  win32 x64

npm manifest: 
  {
    "private": true,
    "scripts": {
      "start": "roadhog server",
      "build": "roadhog build",
      "lint": "eslint --ext .js src test",
      "precommit": "npm run lint"
    },
    "engines": {
      "install-node": "6.9.2"
    },
    "dependencies": {
      "babel-runtime": "^6.9.2",
      "dva": "^1.2.1",
      "react": "^15.4.0",
      "react-dom": "^15.4.0"
    },
    "devDependencies": {
      "babel-eslint": "^7.1.1",
      "babel-plugin-dva-hmr": "^0.3.2",
      "babel-plugin-transform-runtime": "^6.9.0",
      "eslint": "^3.12.2",
      "eslint-config-airbnb": "^13.0.0",
      "eslint-plugin-import": "^2.2.0",
      "eslint-plugin-jsx-a11y": "^2.2.3",
      "eslint-plugin-react": "^6.8.0",
      "expect": "^1.20.2",
      "husky": "^0.12.0",
      "redbox-react": "^1.4.3",
      "roadhog": "^1.1.1"
    }
  }

yarn manifest: 
  No manifest

Lockfile: 
  No lockfile

Trace: 
  Error: ENOENT: no such file or directory, copyfile 'C:\Users\Amy\AppData\Local\Yarn\cache\v1\npm-extend-shallow-3.0.2-26a71aaf073b39fb2127172746131c2704028db8\LICENSE' -> 'E:\MyWorks\html-learning\react\qs_react\user-dashboard\node_modules\anymatch\node_modules\extend-shallow\LICENSE'
